2025-08-17 23:05:36,376 - httpx - INFO - HTTP Request: GET https://dagshub.com/api/v1/user "HTTP/1.1 200 OK"
2025-08-17 23:05:36,383 - dagshub - INFO - Accessing as yogarajansujeevan2002
2025-08-17 23:05:37,371 - httpx - INFO - HTTP Request: GET https://dagshub.com/api/v1/repos/yogarajansujeevan2002/Network_Security "HTTP/1.1 200 OK"
2025-08-17 23:05:38,744 - httpx - INFO - HTTP Request: GET https://dagshub.com/api/v1/user "HTTP/1.1 200 OK"
2025-08-17 23:05:38,748 - dagshub - INFO - Initialized MLflow to track repo "yogarajansujeevan2002/Network_Security"
2025-08-17 23:05:38,749 - dagshub - INFO - Repository yogarajansujeevan2002/Network_Security initialized!
2025-08-17 23:05:38,959 - root - INFO - Initiating data ingestion...
2025-08-17 23:05:46,704 - root - INFO - Performed train test split on the dataframe
2025-08-17 23:05:46,704 - root - INFO - Exited split_data_as_train_test method of Data_Ingestion class
2025-08-17 23:05:46,705 - root - INFO - Exporting train and test file path.
2025-08-17 23:05:46,815 - root - INFO - Exported train and test file path.
2025-08-17 23:05:46,816 - root - INFO - Data ingestion completed successfully.
2025-08-17 23:05:46,821 - root - INFO - Initiating data validation...
2025-08-17 23:05:46,867 - root - INFO - Required number of columns: 31
2025-08-17 23:05:46,867 - root - INFO - Data frame has columns: 31
2025-08-17 23:05:46,867 - root - INFO - Required number of columns: 31
2025-08-17 23:05:46,867 - root - INFO - Data frame has columns: 31
2025-08-17 23:05:47,104 - root - INFO - Data validation completed successfully.
2025-08-17 23:05:47,105 - root - INFO - Initiating data transformation...
2025-08-17 23:05:47,105 - root - INFO - Entered initiate_data_transformation method of datatransformation class
2025-08-17 23:05:47,105 - root - INFO - starting data transformation
2025-08-17 23:05:47,147 - root - INFO - Entered get_data_transformer_object method of Transformation class
2025-08-17 23:05:47,147 - root - INFO - Intialize KNNImputer with {'missing_values': nan, 'n_neighbors': 3, 'weights': 'uniform'}
2025-08-17 23:05:47,168 - root - INFO - Entered the save_object method of MainUtils class
2025-08-17 23:05:47,172 - root - INFO - Exited the save_object method of MainUtils class
2025-08-17 23:05:47,172 - root - INFO - Entered the save_object method of MainUtils class
2025-08-17 23:05:47,178 - root - INFO - Exited the save_object method of MainUtils class
2025-08-17 23:05:47,180 - root - INFO - Data transformation completed successfully.
2025-08-17 23:05:47,180 - root - INFO - Initiating model training...
2025-08-17 23:06:20,934 - httpx - INFO - HTTP Request: GET https://dagshub.com/api/v1/user "HTTP/1.1 200 OK"
2025-08-17 23:06:20,939 - dagshub - INFO - Accessing as yogarajansujeevan2002
2025-08-17 23:06:22,263 - httpx - INFO - HTTP Request: GET https://dagshub.com/api/v1/repos/yogarajansujeevan2002/Network_Security "HTTP/1.1 200 OK"
2025-08-17 23:06:23,184 - httpx - INFO - HTTP Request: GET https://dagshub.com/api/v1/user "HTTP/1.1 200 OK"
2025-08-17 23:06:23,186 - dagshub - INFO - Initialized MLflow to track repo "yogarajansujeevan2002/Network_Security"
2025-08-17 23:06:23,187 - dagshub - INFO - Repository yogarajansujeevan2002/Network_Security initialized!
