2025-08-15 22:07:59,513 - httpx - INFO - HTTP Request: GET https://dagshub.com/api/v1/user "HTTP/1.1 200 OK"
2025-08-15 22:07:59,521 - dagshub - INFO - Accessing as yogarajansujeevan2002
2025-08-15 22:08:01,423 - httpx - INFO - HTTP Request: GET https://dagshub.com/api/v1/repos/yogarajansujeevan2002/Network_Security "HTTP/1.1 200 OK"
2025-08-15 22:08:03,060 - httpx - INFO - HTTP Request: GET https://dagshub.com/api/v1/user "HTTP/1.1 200 OK"
2025-08-15 22:08:03,063 - dagshub - INFO - Initialized MLflow to track repo "yogarajansujeevan2002/Network_Security"
2025-08-15 22:08:03,064 - dagshub - INFO - Repository yogarajansujeevan2002/Network_Security initialized!
2025-08-15 22:08:54,458 - httpx - INFO - HTTP Request: GET https://dagshub.com/api/v1/user "HTTP/1.1 200 OK"
2025-08-15 22:08:54,465 - dagshub - INFO - Accessing as yogarajansujeevan2002
2025-08-15 22:08:55,895 - httpx - INFO - HTTP Request: GET https://dagshub.com/api/v1/repos/yogarajansujeevan2002/Network_Security "HTTP/1.1 200 OK"
2025-08-15 22:08:56,922 - httpx - INFO - HTTP Request: GET https://dagshub.com/api/v1/user "HTTP/1.1 200 OK"
2025-08-15 22:08:56,926 - dagshub - INFO - Initialized MLflow to track repo "yogarajansujeevan2002/Network_Security"
2025-08-15 22:08:56,927 - dagshub - INFO - Repository yogarajansujeevan2002/Network_Security initialized!
2025-08-15 22:22:15,274 - httpx - INFO - HTTP Request: GET https://dagshub.com/api/v1/user "HTTP/1.1 200 OK"
2025-08-15 22:22:15,282 - dagshub - INFO - Accessing as yogarajansujeevan2002
2025-08-15 22:22:16,823 - httpx - INFO - HTTP Request: GET https://dagshub.com/api/v1/repos/yogarajansujeevan2002/Network_Security "HTTP/1.1 200 OK"
2025-08-15 22:22:17,839 - httpx - INFO - HTTP Request: GET https://dagshub.com/api/v1/user "HTTP/1.1 200 OK"
2025-08-15 22:22:17,843 - dagshub - INFO - Initialized MLflow to track repo "yogarajansujeevan2002/Network_Security"
2025-08-15 22:22:17,844 - dagshub - INFO - Repository yogarajansujeevan2002/Network_Security initialized!
2025-08-15 22:22:23,950 - httpx - INFO - HTTP Request: GET https://dagshub.com/api/v1/user "HTTP/1.1 200 OK"
2025-08-15 22:22:23,957 - dagshub - INFO - Accessing as yogarajansujeevan2002
2025-08-15 22:22:25,056 - httpx - INFO - HTTP Request: GET https://dagshub.com/api/v1/repos/yogarajansujeevan2002/Network_Security "HTTP/1.1 200 OK"
2025-08-15 22:22:26,077 - httpx - INFO - HTTP Request: GET https://dagshub.com/api/v1/user "HTTP/1.1 200 OK"
2025-08-15 22:22:26,083 - dagshub - INFO - Initialized MLflow to track repo "yogarajansujeevan2002/Network_Security"
2025-08-15 22:22:26,083 - dagshub - INFO - Repository yogarajansujeevan2002/Network_Security initialized!
2025-08-15 22:23:53,236 - httpx - INFO - HTTP Request: GET https://dagshub.com/api/v1/user "HTTP/1.1 200 OK"
2025-08-15 22:23:53,243 - dagshub - INFO - Accessing as yogarajansujeevan2002
2025-08-15 22:23:54,348 - httpx - INFO - HTTP Request: GET https://dagshub.com/api/v1/repos/yogarajansujeevan2002/Network_Security "HTTP/1.1 200 OK"
2025-08-15 22:23:55,329 - httpx - INFO - HTTP Request: GET https://dagshub.com/api/v1/user "HTTP/1.1 200 OK"
2025-08-15 22:23:55,334 - dagshub - INFO - Initialized MLflow to track repo "yogarajansujeevan2002/Network_Security"
2025-08-15 22:23:55,335 - dagshub - INFO - Repository yogarajansujeevan2002/Network_Security initialized!
2025-08-15 22:23:56,365 - fastapi - ERROR - Form data requires "python-multipart" to be installed. 
You can install "python-multipart" with: 

pip install python-multipart

2025-08-15 22:24:48,731 - httpx - INFO - HTTP Request: GET https://dagshub.com/api/v1/user "HTTP/1.1 200 OK"
2025-08-15 22:24:48,737 - dagshub - INFO - Accessing as yogarajansujeevan2002
2025-08-15 22:24:51,590 - httpx - INFO - HTTP Request: GET https://dagshub.com/api/v1/repos/yogarajansujeevan2002/Network_Security "HTTP/1.1 200 OK"
2025-08-15 22:24:55,481 - httpx - INFO - HTTP Request: GET https://dagshub.com/api/v1/user "HTTP/1.1 200 OK"
2025-08-15 22:24:55,484 - dagshub - INFO - Initialized MLflow to track repo "yogarajansujeevan2002/Network_Security"
2025-08-15 22:24:55,486 - dagshub - INFO - Repository yogarajansujeevan2002/Network_Security initialized!
2025-08-15 23:05:52,623 - httpx - INFO - HTTP Request: GET https://dagshub.com/api/v1/user "HTTP/1.1 200 OK"
2025-08-15 23:05:52,630 - dagshub - INFO - Accessing as yogarajansujeevan2002
2025-08-15 23:05:54,210 - httpx - INFO - HTTP Request: GET https://dagshub.com/api/v1/repos/yogarajansujeevan2002/Network_Security "HTTP/1.1 200 OK"
2025-08-15 23:05:55,229 - httpx - INFO - HTTP Request: GET https://dagshub.com/api/v1/user "HTTP/1.1 200 OK"
2025-08-15 23:05:55,235 - dagshub - INFO - Initialized MLflow to track repo "yogarajansujeevan2002/Network_Security"
2025-08-15 23:05:55,236 - dagshub - INFO - Repository yogarajansujeevan2002/Network_Security initialized!
2025-08-15 23:05:55,963 - fastapi - ERROR - Form data requires "python-multipart" to be installed. 
You can install "python-multipart" with: 

pip install python-multipart

2025-08-15 23:08:46,344 - httpx - INFO - HTTP Request: GET https://dagshub.com/api/v1/user "HTTP/1.1 200 OK"
2025-08-15 23:08:46,351 - dagshub - INFO - Accessing as yogarajansujeevan2002
2025-08-15 23:08:47,394 - httpx - INFO - HTTP Request: GET https://dagshub.com/api/v1/repos/yogarajansujeevan2002/Network_Security "HTTP/1.1 200 OK"
2025-08-15 23:08:48,363 - httpx - INFO - HTTP Request: GET https://dagshub.com/api/v1/user "HTTP/1.1 200 OK"
2025-08-15 23:08:48,366 - dagshub - INFO - Initialized MLflow to track repo "yogarajansujeevan2002/Network_Security"
2025-08-15 23:08:48,367 - dagshub - INFO - Repository yogarajansujeevan2002/Network_Security initialized!
2025-08-15 23:08:49,037 - fastapi - ERROR - Form data requires "python-multipart" to be installed. 
You can install "python-multipart" with: 

pip install python-multipart

2025-08-15 23:10:06,846 - httpx - INFO - HTTP Request: GET https://dagshub.com/api/v1/user "HTTP/1.1 200 OK"
2025-08-15 23:10:06,853 - dagshub - INFO - Accessing as yogarajansujeevan2002
2025-08-15 23:10:08,134 - httpx - INFO - HTTP Request: GET https://dagshub.com/api/v1/repos/yogarajansujeevan2002/Network_Security "HTTP/1.1 200 OK"
2025-08-15 23:10:09,116 - httpx - INFO - HTTP Request: GET https://dagshub.com/api/v1/user "HTTP/1.1 200 OK"
2025-08-15 23:10:09,120 - dagshub - INFO - Initialized MLflow to track repo "yogarajansujeevan2002/Network_Security"
2025-08-15 23:10:09,121 - dagshub - INFO - Repository yogarajansujeevan2002/Network_Security initialized!
