2025-08-12 00:04:03,294 - root - INFO - Initiating data ingestion...
2025-08-12 00:04:20,401 - root - INFO - Performed train test split on the dataframe
2025-08-12 00:04:20,402 - root - INFO - Exited split_data_as_train_test method of Data_Ingestion class
2025-08-12 00:04:20,402 - root - INFO - Exporting train and test file path.
2025-08-12 00:04:20,501 - root - INFO - Exported train and test file path.
2025-08-12 00:04:20,502 - root - INFO - Data ingestion completed successfully.
2025-08-12 00:04:20,508 - root - INFO - Initiating data validation...
2025-08-12 00:04:20,559 - root - INFO - Required number of columns:2
2025-08-12 00:04:20,563 - root - INFO - Data frame has columns:31
2025-08-12 00:04:20,563 - root - INFO - Required number of columns:2
2025-08-12 00:04:20,563 - root - INFO - Data frame has columns:31
2025-08-12 00:04:20,853 - root - INFO - Data validation completed successfully.
2025-08-12 00:04:20,854 - root - INFO - data transformation started
2025-08-12 00:04:20,854 - root - INFO - Entered initiate_data_transformation method of datatransformation class
2025-08-12 00:04:20,854 - root - INFO - starting data transformation
2025-08-12 00:04:20,922 - root - INFO - Entered get_data_transformer_object method of Transformation class
2025-08-12 00:04:20,922 - root - INFO - Intialize KNNImputer with {'missing_values': nan, 'n_neighbors': 3, 'weights': 'uniform'}
2025-08-12 00:04:20,944 - root - INFO - Entered the save_object method of MainUtils class
2025-08-12 00:04:20,949 - root - INFO - Exited the save_object method of MainUtils class
2025-08-12 00:04:20,949 - root - INFO - Entered the save_object method of MainUtils class
2025-08-12 00:04:20,953 - root - INFO - Exited the save_object method of MainUtils class
2025-08-12 00:04:20,955 - root - INFO - data transformation completed
