2025-08-11 23:54:00,920 - root - INFO - Initiating data ingestion...
2025-08-11 23:54:16,065 - root - INFO - Performed train test split on the dataframe
2025-08-11 23:54:16,065 - root - INFO - Exited split_data_as_train_test method of Data_Ingestion class
2025-08-11 23:54:16,066 - root - INFO - Exporting train and test file path.
2025-08-11 23:54:16,155 - root - INFO - Exported train and test file path.
2025-08-11 23:54:16,156 - root - INFO - Data ingestion completed successfully.
2025-08-11 23:54:16,164 - root - INFO - Initiating data validation...
2025-08-11 23:54:16,213 - root - INFO - Required number of columns:2
2025-08-11 23:54:16,215 - root - INFO - Data frame has columns:31
2025-08-11 23:54:16,215 - root - INFO - Required number of columns:2
2025-08-11 23:54:16,215 - root - INFO - Data frame has columns:31
2025-08-11 23:54:16,413 - root - INFO - Data validation completed successfully.
2025-08-11 23:54:16,413 - root - INFO - data transformation started
2025-08-11 23:54:16,413 - root - INFO - Entered initiate_data_transformation method of datatransformation class
2025-08-11 23:57:56,438 - root - INFO - Initiating data ingestion...
2025-08-11 23:58:13,431 - root - INFO - Performed train test split on the dataframe
2025-08-11 23:58:13,431 - root - INFO - Exited split_data_as_train_test method of Data_Ingestion class
2025-08-11 23:58:13,432 - root - INFO - Exporting train and test file path.
2025-08-11 23:58:13,552 - root - INFO - Exported train and test file path.
2025-08-11 23:58:13,553 - root - INFO - Data ingestion completed successfully.
2025-08-11 23:58:13,558 - root - INFO - Initiating data validation...
2025-08-11 23:58:13,622 - root - INFO - Required number of columns:2
2025-08-11 23:58:13,622 - root - INFO - Data frame has columns:31
2025-08-11 23:58:13,622 - root - INFO - Required number of columns:2
2025-08-11 23:58:13,622 - root - INFO - Data frame has columns:31
2025-08-11 23:58:13,831 - root - INFO - Data validation completed successfully.
2025-08-11 23:58:13,831 - root - INFO - data transformation started
2025-08-11 23:58:13,831 - root - INFO - Entered initiate_data_transformation method of datatransformation class
2025-08-11 23:58:13,831 - root - INFO - starting data transformation
2025-08-11 23:58:13,873 - root - INFO - Entered get_data_transformer_object method of Transformation class
2025-08-11 23:58:13,873 - root - INFO - Intialize KNNImputer with {'missing_values': nan, 'n_neighbors': 3, 'weights': 'uniform'}
